Using pre-set license
Built from '2020.3/staging' branch; Version is '2020.3.5f1 (8095aa901b9b) revision 8426922'; Using compiler version '192528614'; Build Type 'Release'
OS: 'Windows 10 Education; OS build 19043.2006; Version 2009; 64bit' Language: 'ko' Physical Memory: 16299 MB
BatchMode: 1, IsHumanControllingUs: 0, StartBugReporterOnCrash: 0, Is64bit: 1, IsPro: 0

 COMMAND LINE ARGUMENTS:
C:\Program Files\Unity\Hub\Editor\2020.3.5f1\Editor\Unity.exe
-adb2
-batchMode
-noUpm
-name
AssetImportWorker0
-projectPath
D:/UnityProjectSpace/Unity2DRoguelike/2DRoguelike
-logFile
Logs/AssetImportWorker0.log
-srvPort
7000
Successfully changed project path to: D:/UnityProjectSpace/Unity2DRoguelike/2DRoguelike
D:/UnityProjectSpace/Unity2DRoguelike/2DRoguelike
Using Asset Import Pipeline V2.
Refreshing native plugins compatible for Editor in 27.27 ms, found 1 plugins.
Preloading 0 native plugins for Editor in 0.00 ms.
Initialize engine version: 2020.3.5f1 (8095aa901b9b)
[Subsystems] Discovering subsystems at path C:/Program Files/Unity/Hub/Editor/2020.3.5f1/Editor/Data/Resources/UnitySubsystems
[Subsystems] Discovering subsystems at path D:/UnityProjectSpace/Unity2DRoguelike/2DRoguelike/Assets
GfxDevice: creating device client; threaded=0
Direct3D:
    Version:  Direct3D 11.0 [level 11.1]
    Renderer: NVIDIA GeForce RTX 3060 Ti (ID=0x2489)
    Vendor:   
    VRAM:     8050 MB
    Driver:   31.0.15.1694
Initialize mono
Mono path[0] = 'C:/Program Files/Unity/Hub/Editor/2020.3.5f1/Editor/Data/Managed'
Mono path[1] = 'C:/Program Files/Unity/Hub/Editor/2020.3.5f1/Editor/Data/MonoBleedingEdge/lib/mono/unityjit'
Mono config path = 'C:/Program Files/Unity/Hub/Editor/2020.3.5f1/Editor/Data/MonoBleedingEdge/etc'
Using monoOptions --debugger-agent=transport=dt_socket,embedding=1,server=y,suspend=n,address=127.0.0.1:56320
Begin MonoManager ReloadAssembly
Registering precompiled unity dll's ...
Register platform support module: C:/Program Files/Unity/Hub/Editor/2020.3.5f1/Editor/Data/PlaybackEngines/WindowsStandaloneSupport/UnityEditor.WindowsStandalone.Extensions.dll
Registered in 0.002026 seconds.
Native extension for WindowsStandalone target not found
Refreshing native plugins compatible for Editor in 30.88 ms, found 1 plugins.
Preloading 0 native plugins for Editor in 0.00 ms.
Mono: successfully reloaded assembly
- Completed reload, in  0.882 seconds
Platform modules already initialized, skipping
Registering precompiled user dll's ...
Registered in 0.000673 seconds.
Begin MonoManager ReloadAssembly
Native extension for WindowsStandalone target not found
Refreshing native plugins compatible for Editor in 33.93 ms, found 1 plugins.
Preloading 0 native plugins for Editor in 0.00 ms.
Mono: successfully reloaded assembly
- Completed reload, in  0.900 seconds
Platform modules already initialized, skipping
========================================================================
Worker process is ready to serve import requests
Launched and connected shader compiler UnityShaderCompiler.exe after 0.04 seconds
Refreshing native plugins compatible for Editor in 0.39 ms, found 1 plugins.
Preloading 0 native plugins for Editor in 0.00 ms.
Unloading 1820 Unused Serialized files (Serialized files now loaded: 0)
System memory in use before: 87.9 MB.
System memory in use after: 87.8 MB.

Unloading 24 unused Assets to reduce memory usage. Loaded Objects now: 2263.
Total: 3.335700 ms (FindLiveObjects: 0.480900 ms CreateObjectMapping: 0.051500 ms MarkObjects: 2.617000 ms  DeleteObjects: 0.185100 ms)

========================================================================
Received Import Request.
  path: Assets/Memo.md
  artifactKey: Guid(ce6178ec3707fd441aa0b7d8f94d1e68) Importer(815301076,1909f56bfc062723c751e8b465ee728b)
Start importing Assets/Memo.md using Guid(ce6178ec3707fd441aa0b7d8f94d1e68) Importer(815301076,1909f56bfc062723c751e8b465ee728b)  -> (artifact id: '2b678e14beacf54571c1cbb24bb159da') in 0.039829 seconds
  Import took 0.043187 seconds .

========================================================================
Received Import Request.
  Time since last request: 88.161634 seconds.
  path: Assets/Scripts
  artifactKey: Guid(d496cedce0c06a148a700c259c5a2156) Importer(815301076,1909f56bfc062723c751e8b465ee728b)
Start importing Assets/Scripts using Guid(d496cedce0c06a148a700c259c5a2156) Importer(815301076,1909f56bfc062723c751e8b465ee728b)  -> (artifact id: '3ebfce3b8fc0ce30816ab5fe92cc219c') in 0.004510 seconds
  Import took 0.006696 seconds .

========================================================================
Received Import Request.
  Time since last request: 7.690404 seconds.
  path: Assets/Scripts/BoardManager.cs
  artifactKey: Guid(9676ed8030b00d44fbeae68f0723e9f5) Importer(815301076,1909f56bfc062723c751e8b465ee728b)
Start importing Assets/Scripts/BoardManager.cs using Guid(9676ed8030b00d44fbeae68f0723e9f5) Importer(815301076,1909f56bfc062723c751e8b465ee728b)  -> (artifact id: '482fc11122b8d782093292b9e2168a6d') in 0.011742 seconds
  Import took 0.014703 seconds .

========================================================================
Received Prepare
Registering precompiled user dll's ...
Registered in 0.000587 seconds.
Begin MonoManager ReloadAssembly
Native extension for WindowsStandalone target not found
Refreshing native plugins compatible for Editor in 0.38 ms, found 1 plugins.
Preloading 0 native plugins for Editor in 0.00 ms.
Mono: successfully reloaded assembly
- Completed reload, in  0.591 seconds
Platform modules already initialized, skipping
Refreshing native plugins compatible for Editor in 0.31 ms, found 1 plugins.
Preloading 0 native plugins for Editor in 0.00 ms.
Unloading 1816 Unused Serialized files (Serialized files now loaded: 0)
System memory in use before: 87.8 MB.
System memory in use after: 87.8 MB.

Unloading 12 unused Assets to reduce memory usage. Loaded Objects now: 2268.
Total: 1.942100 ms (FindLiveObjects: 0.190800 ms CreateObjectMapping: 0.055500 ms MarkObjects: 1.616900 ms  DeleteObjects: 0.078300 ms)

========================================================================
Received Import Request.
  Time since last request: 10.236981 seconds.
  path: Assets/Scripts/GameManager.cs
  artifactKey: Guid(9443086c393262549ac645c056b79288) Importer(815301076,1909f56bfc062723c751e8b465ee728b)
Start importing Assets/Scripts/GameManager.cs using Guid(9443086c393262549ac645c056b79288) Importer(815301076,1909f56bfc062723c751e8b465ee728b)  -> (artifact id: '6b1f135e295ee0692d7046ecf1c79fa4') in 0.006743 seconds
  Import took 0.009635 seconds .

========================================================================
Received Prepare
Registering precompiled user dll's ...
Registered in 0.000612 seconds.
Begin MonoManager ReloadAssembly
Native extension for WindowsStandalone target not found
Refreshing native plugins compatible for Editor in 0.42 ms, found 1 plugins.
Preloading 0 native plugins for Editor in 0.00 ms.
Mono: successfully reloaded assembly
- Completed reload, in  0.618 seconds
Platform modules already initialized, skipping
Refreshing native plugins compatible for Editor in 0.34 ms, found 1 plugins.
Preloading 0 native plugins for Editor in 0.00 ms.
Unloading 1817 Unused Serialized files (Serialized files now loaded: 0)
System memory in use before: 87.9 MB.
System memory in use after: 87.8 MB.

Unloading 12 unused Assets to reduce memory usage. Loaded Objects now: 2273.
Total: 1.974500 ms (FindLiveObjects: 0.285200 ms CreateObjectMapping: 0.064700 ms MarkObjects: 1.526800 ms  DeleteObjects: 0.097100 ms)

========================================================================
Received Prepare
Registering precompiled user dll's ...
Registered in 0.000724 seconds.
Begin MonoManager ReloadAssembly
Native extension for WindowsStandalone target not found
Refreshing native plugins compatible for Editor in 0.38 ms, found 1 plugins.
Preloading 0 native plugins for Editor in 0.00 ms.
Mono: successfully reloaded assembly
- Completed reload, in  0.629 seconds
Platform modules already initialized, skipping
Refreshing native plugins compatible for Editor in 0.33 ms, found 1 plugins.
Preloading 0 native plugins for Editor in 0.00 ms.
Unloading 1817 Unused Serialized files (Serialized files now loaded: 0)
System memory in use before: 87.9 MB.
System memory in use after: 87.9 MB.

Unloading 12 unused Assets to reduce memory usage. Loaded Objects now: 2277.
Total: 1.776100 ms (FindLiveObjects: 0.185000 ms CreateObjectMapping: 0.043800 ms MarkObjects: 1.457400 ms  DeleteObjects: 0.088900 ms)

========================================================================
Received Import Request.
  Time since last request: 1677.041256 seconds.
  path: Assets/Scripts/BoardManager.cs
  artifactKey: Guid(9676ed8030b00d44fbeae68f0723e9f5) Importer(815301076,1909f56bfc062723c751e8b465ee728b)
Start importing Assets/Scripts/BoardManager.cs using Guid(9676ed8030b00d44fbeae68f0723e9f5) Importer(815301076,1909f56bfc062723c751e8b465ee728b)  -> (artifact id: '273cf9c677bc8a145d4c82521455f739') in 0.003727 seconds
  Import took 0.005897 seconds .

========================================================================
Received Prepare
Registering precompiled user dll's ...
Registered in 0.000566 seconds.
Begin MonoManager ReloadAssembly
Native extension for WindowsStandalone target not found
Refreshing native plugins compatible for Editor in 0.44 ms, found 1 plugins.
Preloading 0 native plugins for Editor in 0.00 ms.
Mono: successfully reloaded assembly
- Completed reload, in  0.591 seconds
Platform modules already initialized, skipping
Refreshing native plugins compatible for Editor in 0.35 ms, found 1 plugins.
Preloading 0 native plugins for Editor in 0.00 ms.
Unloading 1817 Unused Serialized files (Serialized files now loaded: 0)
System memory in use before: 87.9 MB.
System memory in use after: 87.9 MB.

Unloading 12 unused Assets to reduce memory usage. Loaded Objects now: 2281.
Total: 1.808700 ms (FindLiveObjects: 0.237800 ms CreateObjectMapping: 0.060100 ms MarkObjects: 1.427700 ms  DeleteObjects: 0.082200 ms)

========================================================================
Received Import Request.
  Time since last request: 71.213702 seconds.
  path: Assets/Scripts/BoardManager.cs
  artifactKey: Guid(9676ed8030b00d44fbeae68f0723e9f5) Importer(815301076,1909f56bfc062723c751e8b465ee728b)
Start importing Assets/Scripts/BoardManager.cs using Guid(9676ed8030b00d44fbeae68f0723e9f5) Importer(815301076,1909f56bfc062723c751e8b465ee728b)  -> (artifact id: 'a986a65ad44b02aaa054315be9f12d02') in 0.003587 seconds
  Import took 0.005600 seconds .

AssetImportWorkerClient::OnTransportError - code=2 error=End of file
